[debug] [2022-01-30T20:01:45.888Z] ----------------------------------------------------------------------
[debug] [2022-01-30T20:01:45.890Z] Command:       C:\Program Files\nodejs\node.exe C:\Users\m.m.s\AppData\Roaming\npm\node_modules\firebase-tools\lib\bin\firebase.js emulators:start
[debug] [2022-01-30T20:01:45.890Z] CLI Version:   10.1.2
[debug] [2022-01-30T20:01:45.890Z] Platform:      win32
[debug] [2022-01-30T20:01:45.890Z] Node Version:  v14.16.0
[debug] [2022-01-30T20:01:45.892Z] Time:          Sun Jan 30 2022 22:01:45 GMT+0200 (توقيت شرق أوروبا الرسمي)
[debug] [2022-01-30T20:01:45.892Z] ----------------------------------------------------------------------
[debug] 
[debug] [2022-01-30T20:01:45.894Z] >>> [apiv2][query] GET https://firebase-public.firebaseio.com/cli.json [none]
[debug] [2022-01-30T20:01:45.965Z] > command requires scopes: ["email","openid","https://www.googleapis.com/auth/cloudplatformprojects.readonly","https://www.googleapis.com/auth/firebase","https://www.googleapis.com/auth/cloud-platform"]
[debug] [2022-01-30T20:01:45.966Z] > authorizing via signed-in user (moursiabdullah@gmail.com)
[info] i  emulators: Starting emulators: functions, hosting {"metadata":{"emulator":{"name":"hub"},"message":"Starting emulators: functions, hosting"}}
[warn] !  emulators: It seems that you are running multiple instances of the emulator suite for project challenge-fe330. This may result in unexpected behavior. 
[debug] [2022-01-30T20:01:46.008Z] [hub] writing locator at C:\Users\MME2C3~1.S\AppData\Local\Temp\hub-challenge-fe330.json
[warn] !  functions: The following emulators are not running, calls to these services from the Functions emulator will affect production: auth, firestore, database, pubsub, storage {"metadata":{"emulator":{"name":"functions"},"message":"The following emulators are not running, calls to these services from the Functions emulator will affect production: \u001b[1mauth, firestore, database, pubsub, storage\u001b[22m"}}
[warn] !  Your requested "node" version "16" doesn't match your global version "14" {"metadata":{"emulator":{"name":"functions"},"message":"Your requested \"node\" version \"16\" doesn't match your global version \"14\""}}
[debug] [2022-01-30T20:01:46.123Z] defaultcredentials: writing to file C:\Users\m.m.s\AppData\Roaming\firebase\moursiabdullah_gmail_com_application_default_credentials.json
[debug] [2022-01-30T20:01:46.126Z] Setting GAC to C:\Users\m.m.s\AppData\Roaming\firebase\moursiabdullah_gmail_com_application_default_credentials.json {"metadata":{"emulator":{"name":"functions"},"message":"Setting GAC to C:\\Users\\m.m.s\\AppData\\Roaming\\firebase\\moursiabdullah_gmail_com_application_default_credentials.json"}}
[debug] [2022-01-30T20:01:46.128Z] > refreshing access token with scopes: []
[debug] [2022-01-30T20:01:46.128Z] >>> HTTP REQUEST POST https://www.googleapis.com/oauth2/v3/token  
 <request body omitted>
[debug] [2022-01-30T20:01:46.408Z] <<< HTTP RESPONSE 200 {"pragma":"no-cache","cache-control":"no-cache, no-store, max-age=0, must-revalidate","expires":"Mon, 01 Jan 1990 00:00:00 GMT","date":"Sun, 30 Jan 2022 20:01:36 GMT","content-type":"application/json; charset=utf-8","vary":"X-Origin, Referer, Origin,Accept-Encoding","server":"scaffolding on HTTPServer2","x-xss-protection":"0","x-frame-options":"SAMEORIGIN","x-content-type-options":"nosniff","alt-svc":"h3=\":443\"; ma=2592000,h3-29=\":443\"; ma=2592000,h3-Q050=\":443\"; ma=2592000,h3-Q046=\":443\"; ma=2592000,h3-Q043=\":443\"; ma=2592000,quic=\":443\"; ma=2592000; v=\"46,43\"","accept-ranges":"none","transfer-encoding":"chunked"}
[debug] [2022-01-30T20:01:46.417Z] >>> [apiv2][query] GET https://firebase.googleapis.com/v1beta1/projects/challenge-fe330/adminSdkConfig [none]
[debug] [2022-01-30T20:01:46.581Z] <<< [apiv2][status] GET https://firebase-public.firebaseio.com/cli.json 200
[debug] [2022-01-30T20:01:46.581Z] <<< [apiv2][body] GET https://firebase-public.firebaseio.com/cli.json {"cloudBuildErrorAfter":1594252800000,"cloudBuildWarnAfter":1590019200000,"defaultNode10After":1594252800000,"minVersion":"3.0.5","node8DeploysDisabledAfter":1613390400000,"node8RuntimeDisabledAfter":1615809600000,"node8WarnAfter":1600128000000}
[debug] [2022-01-30T20:01:58.455Z] Failed to get Admin SDK config for challenge-fe330, falling back to cacheFailed to get Admin SDK for Firebase project challenge-fe330. Please make sure the project exists and your account has permission to access it. {"name":"FirebaseError","children":[],"exit":2,"message":"Failed to get Admin SDK for Firebase project challenge-fe330. Please make sure the project exists and your account has permission to access it.","original":{"name":"FirebaseError","children":[],"exit":1,"message":"Failed to make request to https://firebase.googleapis.com/v1beta1/projects/challenge-fe330/adminSdkConfig","original":{"message":"request to https://firebase.googleapis.com/v1beta1/projects/challenge-fe330/adminSdkConfig failed, reason: getaddrinfo ENOTFOUND firebase.googleapis.com","type":"system","errno":"ENOTFOUND","code":"ENOTFOUND"},"status":500},"status":500}
[debug] [2022-01-30T20:01:58.465Z] >>> [apiv2][query] GET https://firebasehosting.googleapis.com/v1beta1/projects/challenge-fe330/sites 
[debug] [2022-01-30T20:02:00.378Z] <<< [apiv2][status] GET https://firebasehosting.googleapis.com/v1beta1/projects/challenge-fe330/sites 200
[debug] [2022-01-30T20:02:00.378Z] <<< [apiv2][body] GET https://firebasehosting.googleapis.com/v1beta1/projects/challenge-fe330/sites {"sites":[{"name":"projects/160279317809/sites/challenge-fe330","defaultUrl":"https://challenge-fe330.web.app","appId":"1:160279317809:web:97d01ffe19e717f62e7410","type":"DEFAULT_SITE"}]}
[debug] [2022-01-30T20:02:00.378Z] >>> [apiv2][query] GET https://firebase.googleapis.com/v1beta1/projects/challenge-fe330/webApps/1:160279317809:web:97d01ffe19e717f62e7410/config [none]
[debug] [2022-01-30T20:02:09.448Z] <<< [apiv2][status] GET https://firebase.googleapis.com/v1beta1/projects/challenge-fe330/webApps/1:160279317809:web:97d01ffe19e717f62e7410/config 200
[debug] [2022-01-30T20:02:09.448Z] <<< [apiv2][body] GET https://firebase.googleapis.com/v1beta1/projects/challenge-fe330/webApps/1:160279317809:web:97d01ffe19e717f62e7410/config {"projectId":"challenge-fe330","appId":"1:160279317809:web:97d01ffe19e717f62e7410","storageBucket":"challenge-fe330.appspot.com","locationId":"us-central","apiKey":"AIzaSyDJG2-OTUvZYe-e0OoqH2Wm8ugjP-5WKek","authDomain":"challenge-fe330.firebaseapp.com","messagingSenderId":"160279317809","measurementId":"G-DY7BE91S3T"}
[info] i  hosting: Serving hosting files from: build {"metadata":{"emulator":{"name":"hosting"},"message":"Serving hosting files from: \u001b[1mbuild\u001b[22m"}}
[info] +  hosting: Local server: http://localhost:5000 {"metadata":{"emulator":{"name":"hosting"},"message":"Local server: \u001b[4m\u001b[1mhttp://localhost:5000\u001b[22m\u001b[24m"}}
[warn] !  ui: Emulator UI unable to start on port 4000, starting on 4001 instead. {"metadata":{"emulator":{"name":"ui"},"message":"Emulator UI unable to start on port 4000, starting on 4001 instead."}}
[debug] [2022-01-30T20:02:09.514Z] Ignoring unsupported arg: auto_download {"metadata":{"emulator":{"name":"ui"},"message":"Ignoring unsupported arg: auto_download"}}
[debug] [2022-01-30T20:02:09.514Z] Ignoring unsupported arg: port {"metadata":{"emulator":{"name":"ui"},"message":"Ignoring unsupported arg: port"}}
[debug] [2022-01-30T20:02:09.515Z] Starting Emulator UI with command {"binary":"node","args":["C:\\Users\\m.m.s\\.cache\\firebase\\emulators\\ui-v1.6.4\\server.bundle.js"],"optionalArgs":[],"joinArgs":false} {"metadata":{"emulator":{"name":"ui"},"message":"Starting Emulator UI with command {\"binary\":\"node\",\"args\":[\"C:\\\\Users\\\\m.m.s\\\\.cache\\\\firebase\\\\emulators\\\\ui-v1.6.4\\\\server.bundle.js\"],\"optionalArgs\":[],\"joinArgs\":false}"}}
[info] i  ui: Emulator UI logging to ui-debug.log {"metadata":{"emulator":{"name":"ui"},"message":"Emulator UI logging to \u001b[1mui-debug.log\u001b[22m"}}
[debug] [2022-01-30T20:02:09.656Z] Web / API server started at localhost:4001
 {"metadata":{"emulator":{"name":"ui"},"message":"Web / API server started at localhost:4001\n"}}
[info] i  functions: Watching "E:\amazon-clone\functions" for Cloud Functions... {"metadata":{"emulator":{"name":"functions"},"message":"Watching \"E:\\amazon-clone\\functions\" for Cloud Functions..."}}
[debug] [2022-01-30T20:02:09.808Z] [worker-pool] addWorker(~diagnostic~) {"metadata":{"emulator":{"name":"functions"},"message":"[worker-pool] addWorker(~diagnostic~)"}}
[debug] [2022-01-30T20:02:09.809Z] [worker-pool] Adding worker with key ~diagnostic~, total=1 {"metadata":{"emulator":{"name":"functions"},"message":"[worker-pool] Adding worker with key ~diagnostic~, total=1"}}
[debug] [2022-01-30T20:02:09.809Z] [worker-pool] submitWork(triggerId=) {"metadata":{"emulator":{"name":"functions"},"message":"[worker-pool] submitWork(triggerId=)"}}
[debug] [2022-01-30T20:02:09.809Z] [worker-~diagnostic~-e2ecd2a3-21bb-4515-9562-f852e740ae26]: Assigning socketPath: \\?\pipe\E:\amazon-clone\functions\13800 {"metadata":{"emulator":{"name":"functions"},"message":"[worker-~diagnostic~-e2ecd2a3-21bb-4515-9562-f852e740ae26]: Assigning socketPath: \\\\?\\pipe\\E:\\amazon-clone\\functions\\13800"}}
[debug] [2022-01-30T20:02:09.809Z] [worker-~diagnostic~-e2ecd2a3-21bb-4515-9562-f852e740ae26]: BUSY {"metadata":{"emulator":{"name":"functions"},"message":"[worker-~diagnostic~-e2ecd2a3-21bb-4515-9562-f852e740ae26]: BUSY"}}
[debug] [2022-01-30T20:02:10.087Z] [runtime-status] [13800] Functions runtime initialized. {"cwd":"E:\\amazon-clone\\functions","node_version":"14.16.0"} {"metadata":{"emulator":{"name":"functions"},"message":"[runtime-status] [13800] Functions runtime initialized. {\"cwd\":\"E:\\\\amazon-clone\\\\functions\",\"node_version\":\"14.16.0\"}"}}
[debug] [2022-01-30T20:02:10.088Z] [runtime-status] [13800] Disabled runtime features: undefined {"metadata":{"emulator":{"name":"functions"},"message":"[runtime-status] [13800] Disabled runtime features: undefined"}}
[debug] [2022-01-30T20:02:10.262Z] [runtime-status] [13800] Resolved module firebase-admin {"declared":true,"installed":true,"version":"9.12.0","resolution":"E:\\amazon-clone\\functions\\node_modules\\firebase-admin\\lib\\index.js"} {"metadata":{"emulator":{"name":"functions"},"message":"[runtime-status] [13800] Resolved module firebase-admin {\"declared\":true,\"installed\":true,\"version\":\"9.12.0\",\"resolution\":\"E:\\\\amazon-clone\\\\functions\\\\node_modules\\\\firebase-admin\\\\lib\\\\index.js\"}"}}
[debug] [2022-01-30T20:02:10.367Z] [runtime-status] [13800] Resolved module firebase-functions {"declared":true,"installed":true,"version":"3.16.0","resolution":"E:\\amazon-clone\\functions\\node_modules\\firebase-functions\\lib\\index.js"} {"metadata":{"emulator":{"name":"functions"},"message":"[runtime-status] [13800] Resolved module firebase-functions {\"declared\":true,\"installed\":true,\"version\":\"3.16.0\",\"resolution\":\"E:\\\\amazon-clone\\\\functions\\\\node_modules\\\\firebase-functions\\\\lib\\\\index.js\"}"}}
[debug] [2022-01-30T20:02:10.368Z] [runtime-status] [13800] Outgoing network have been stubbed. [{"name":"http","status":"mocked"},{"name":"http","status":"mocked"},{"name":"https","status":"mocked"},{"name":"https","status":"mocked"},{"name":"net","status":"mocked"}] {"metadata":{"emulator":{"name":"functions"},"message":"[runtime-status] [13800] Outgoing network have been stubbed. [{\"name\":\"http\",\"status\":\"mocked\"},{\"name\":\"http\",\"status\":\"mocked\"},{\"name\":\"https\",\"status\":\"mocked\"},{\"name\":\"https\",\"status\":\"mocked\"},{\"name\":\"net\",\"status\":\"mocked\"}]"}}
[debug] [2022-01-30T20:02:10.416Z] [runtime-status] [13800] Resolved module firebase-functions {"declared":true,"installed":true,"version":"3.16.0","resolution":"E:\\amazon-clone\\functions\\node_modules\\firebase-functions\\lib\\index.js"} {"metadata":{"emulator":{"name":"functions"},"message":"[runtime-status] [13800] Resolved module firebase-functions {\"declared\":true,\"installed\":true,\"version\":\"3.16.0\",\"resolution\":\"E:\\\\amazon-clone\\\\functions\\\\node_modules\\\\firebase-functions\\\\lib\\\\index.js\"}"}}
[debug] [2022-01-30T20:02:12.447Z] [runtime-status] [13800] Checked functions.config() {"config":{}} {"metadata":{"emulator":{"name":"functions"},"message":"[runtime-status] [13800] Checked functions.config() {\"config\":{}}"}}
[debug] [2022-01-30T20:02:12.447Z] [runtime-status] [13800] firebase-functions has been stubbed. {"functionsResolution":{"declared":true,"installed":true,"version":"3.16.0","resolution":"E:\\amazon-clone\\functions\\node_modules\\firebase-functions\\lib\\index.js"}} {"metadata":{"emulator":{"name":"functions"},"message":"[runtime-status] [13800] firebase-functions has been stubbed. {\"functionsResolution\":{\"declared\":true,\"installed\":true,\"version\":\"3.16.0\",\"resolution\":\"E:\\\\amazon-clone\\\\functions\\\\node_modules\\\\firebase-functions\\\\lib\\\\index.js\"}}"}}
[debug] [2022-01-30T20:02:12.448Z] [runtime-status] [13800] Resolved module firebase-functions {"declared":true,"installed":true,"version":"3.16.0","resolution":"E:\\amazon-clone\\functions\\node_modules\\firebase-functions\\lib\\index.js"} {"metadata":{"emulator":{"name":"functions"},"message":"[runtime-status] [13800] Resolved module firebase-functions {\"declared\":true,\"installed\":true,\"version\":\"3.16.0\",\"resolution\":\"E:\\\\amazon-clone\\\\functions\\\\node_modules\\\\firebase-functions\\\\lib\\\\index.js\"}"}}
[debug] [2022-01-30T20:02:12.452Z] [runtime-status] [13800] Resolved module firebase-admin {"declared":true,"installed":true,"version":"9.12.0","resolution":"E:\\amazon-clone\\functions\\node_modules\\firebase-admin\\lib\\index.js"} {"metadata":{"emulator":{"name":"functions"},"message":"[runtime-status] [13800] Resolved module firebase-admin {\"declared\":true,\"installed\":true,\"version\":\"9.12.0\",\"resolution\":\"E:\\\\amazon-clone\\\\functions\\\\node_modules\\\\firebase-admin\\\\lib\\\\index.js\"}"}}
[debug] [2022-01-30T20:02:12.453Z] [runtime-status] [13800] Resolved module firebase-functions {"declared":true,"installed":true,"version":"3.16.0","resolution":"E:\\amazon-clone\\functions\\node_modules\\firebase-functions\\lib\\index.js"} {"metadata":{"emulator":{"name":"functions"},"message":"[runtime-status] [13800] Resolved module firebase-functions {\"declared\":true,\"installed\":true,\"version\":\"3.16.0\",\"resolution\":\"E:\\\\amazon-clone\\\\functions\\\\node_modules\\\\firebase-functions\\\\lib\\\\index.js\"}"}}
[debug] [2022-01-30T20:02:12.453Z] [runtime-status] [13800] firebase-admin has been stubbed. {"adminResolution":{"declared":true,"installed":true,"version":"9.12.0","resolution":"E:\\amazon-clone\\functions\\node_modules\\firebase-admin\\lib\\index.js"}} {"metadata":{"emulator":{"name":"functions"},"message":"[runtime-status] [13800] firebase-admin has been stubbed. {\"adminResolution\":{\"declared\":true,\"installed\":true,\"version\":\"9.12.0\",\"resolution\":\"E:\\\\amazon-clone\\\\functions\\\\node_modules\\\\firebase-admin\\\\lib\\\\index.js\"}}"}}
