[debug] [2022-01-30T08:13:28.788Z] ----------------------------------------------------------------------
[debug] [2022-01-30T08:13:28.790Z] Command:       C:\Program Files\nodejs\node.exe C:\Users\m.m.s\AppData\Roaming\npm\node_modules\firebase-tools\lib\bin\firebase.js emulators:start
[debug] [2022-01-30T08:13:28.791Z] CLI Version:   10.1.2
[debug] [2022-01-30T08:13:28.791Z] Platform:      win32
[debug] [2022-01-30T08:13:28.791Z] Node Version:  v14.16.0
[debug] [2022-01-30T08:13:28.792Z] Time:          Sun Jan 30 2022 10:13:28 GMT+0200 (توقيت شرق أوروبا الرسمي)
[debug] [2022-01-30T08:13:28.792Z] ----------------------------------------------------------------------
[debug] 
[debug] [2022-01-30T08:13:28.850Z] > command requires scopes: ["email","openid","https://www.googleapis.com/auth/cloudplatformprojects.readonly","https://www.googleapis.com/auth/firebase","https://www.googleapis.com/auth/cloud-platform"]
[debug] [2022-01-30T08:13:28.850Z] > authorizing via signed-in user (moursiabdullah@gmail.com)
[info] i  emulators: Starting emulators: functions, hosting {"metadata":{"emulator":{"name":"hub"},"message":"Starting emulators: functions, hosting"}}
[warn] !  emulators: It seems that you are running multiple instances of the emulator suite for project challenge-fe330. This may result in unexpected behavior. 
[debug] [2022-01-30T08:13:28.893Z] [hub] writing locator at C:\Users\MME2C3~1.S\AppData\Local\Temp\hub-challenge-fe330.json
[warn] !  functions: The following emulators are not running, calls to these services from the Functions emulator will affect production: auth, firestore, database, pubsub, storage {"metadata":{"emulator":{"name":"functions"},"message":"The following emulators are not running, calls to these services from the Functions emulator will affect production: \u001b[1mauth, firestore, database, pubsub, storage\u001b[22m"}}
[warn] !  Your requested "node" version "16" doesn't match your global version "14" {"metadata":{"emulator":{"name":"functions"},"message":"Your requested \"node\" version \"16\" doesn't match your global version \"14\""}}
[debug] [2022-01-30T08:13:29.059Z] defaultcredentials: writing to file C:\Users\m.m.s\AppData\Roaming\firebase\moursiabdullah_gmail_com_application_default_credentials.json
[debug] [2022-01-30T08:13:29.073Z] Setting GAC to C:\Users\m.m.s\AppData\Roaming\firebase\moursiabdullah_gmail_com_application_default_credentials.json {"metadata":{"emulator":{"name":"functions"},"message":"Setting GAC to C:\\Users\\m.m.s\\AppData\\Roaming\\firebase\\moursiabdullah_gmail_com_application_default_credentials.json"}}
[debug] [2022-01-30T08:13:29.080Z] > refreshing access token with scopes: []
[debug] [2022-01-30T08:13:29.081Z] >>> HTTP REQUEST POST https://www.googleapis.com/oauth2/v3/token  
 <request body omitted>
[debug] [2022-01-30T08:13:29.540Z] <<< HTTP RESPONSE 200 {"expires":"Mon, 01 Jan 1990 00:00:00 GMT","pragma":"no-cache","cache-control":"no-cache, no-store, max-age=0, must-revalidate","date":"Sun, 30 Jan 2022 08:13:19 GMT","content-type":"application/json; charset=utf-8","vary":"X-Origin, Referer, Origin,Accept-Encoding","server":"scaffolding on HTTPServer2","x-xss-protection":"0","x-frame-options":"SAMEORIGIN","x-content-type-options":"nosniff","alt-svc":"h3=\":443\"; ma=2592000,h3-29=\":443\"; ma=2592000,h3-Q050=\":443\"; ma=2592000,h3-Q046=\":443\"; ma=2592000,h3-Q043=\":443\"; ma=2592000,quic=\":443\"; ma=2592000; v=\"46,43\"","accept-ranges":"none","transfer-encoding":"chunked"}
[debug] [2022-01-30T08:13:29.571Z] >>> [apiv2][query] GET https://firebase.googleapis.com/v1beta1/projects/challenge-fe330/adminSdkConfig [none]
[debug] [2022-01-30T08:13:29.986Z] <<< [apiv2][status] GET https://firebase.googleapis.com/v1beta1/projects/challenge-fe330/adminSdkConfig 200
[debug] [2022-01-30T08:13:29.987Z] <<< [apiv2][body] GET https://firebase.googleapis.com/v1beta1/projects/challenge-fe330/adminSdkConfig {"projectId":"challenge-fe330","storageBucket":"challenge-fe330.appspot.com","locationId":"us-central"}
[debug] [2022-01-30T08:13:30.008Z] >>> [apiv2][query] GET https://firebasehosting.googleapis.com/v1beta1/projects/challenge-fe330/sites 
[debug] [2022-01-30T08:13:31.153Z] <<< [apiv2][status] GET https://firebasehosting.googleapis.com/v1beta1/projects/challenge-fe330/sites 200
[debug] [2022-01-30T08:13:31.154Z] <<< [apiv2][body] GET https://firebasehosting.googleapis.com/v1beta1/projects/challenge-fe330/sites {"sites":[{"name":"projects/160279317809/sites/challenge-fe330","defaultUrl":"https://challenge-fe330.web.app","appId":"1:160279317809:web:97d01ffe19e717f62e7410","type":"DEFAULT_SITE"}]}
[debug] [2022-01-30T08:13:31.155Z] >>> [apiv2][query] GET https://firebase.googleapis.com/v1beta1/projects/challenge-fe330/webApps/1:160279317809:web:97d01ffe19e717f62e7410/config [none]
[debug] [2022-01-30T08:13:32.138Z] <<< [apiv2][status] GET https://firebase.googleapis.com/v1beta1/projects/challenge-fe330/webApps/1:160279317809:web:97d01ffe19e717f62e7410/config 200
[debug] [2022-01-30T08:13:32.139Z] <<< [apiv2][body] GET https://firebase.googleapis.com/v1beta1/projects/challenge-fe330/webApps/1:160279317809:web:97d01ffe19e717f62e7410/config {"projectId":"challenge-fe330","appId":"1:160279317809:web:97d01ffe19e717f62e7410","storageBucket":"challenge-fe330.appspot.com","locationId":"us-central","apiKey":"AIzaSyDJG2-OTUvZYe-e0OoqH2Wm8ugjP-5WKek","authDomain":"challenge-fe330.firebaseapp.com","messagingSenderId":"160279317809","measurementId":"G-DY7BE91S3T"}
[info] i  hosting: Serving hosting files from: build {"metadata":{"emulator":{"name":"hosting"},"message":"Serving hosting files from: \u001b[1mbuild\u001b[22m"}}
[info] +  hosting: Local server: http://localhost:5000 {"metadata":{"emulator":{"name":"hosting"},"message":"Local server: \u001b[4m\u001b[1mhttp://localhost:5000\u001b[22m\u001b[24m"}}
[warn] !  ui: Emulator UI unable to start on port 4000, starting on 4003 instead. {"metadata":{"emulator":{"name":"ui"},"message":"Emulator UI unable to start on port 4000, starting on 4003 instead."}}
[debug] [2022-01-30T08:13:32.231Z] Ignoring unsupported arg: auto_download {"metadata":{"emulator":{"name":"ui"},"message":"Ignoring unsupported arg: auto_download"}}
[debug] [2022-01-30T08:13:32.231Z] Ignoring unsupported arg: port {"metadata":{"emulator":{"name":"ui"},"message":"Ignoring unsupported arg: port"}}
[debug] [2022-01-30T08:13:32.231Z] Starting Emulator UI with command {"binary":"node","args":["C:\\Users\\m.m.s\\.cache\\firebase\\emulators\\ui-v1.6.4\\server.bundle.js"],"optionalArgs":[],"joinArgs":false} {"metadata":{"emulator":{"name":"ui"},"message":"Starting Emulator UI with command {\"binary\":\"node\",\"args\":[\"C:\\\\Users\\\\m.m.s\\\\.cache\\\\firebase\\\\emulators\\\\ui-v1.6.4\\\\server.bundle.js\"],\"optionalArgs\":[],\"joinArgs\":false}"}}
[info] i  ui: Emulator UI logging to ui-debug.log {"metadata":{"emulator":{"name":"ui"},"message":"Emulator UI logging to \u001b[1mui-debug.log\u001b[22m"}}
[debug] [2022-01-30T08:13:32.352Z] Web / API server started at localhost:4003
 {"metadata":{"emulator":{"name":"ui"},"message":"Web / API server started at localhost:4003\n"}}
[info] i  functions: Watching "E:\amazon-clone\functions" for Cloud Functions... {"metadata":{"emulator":{"name":"functions"},"message":"Watching \"E:\\amazon-clone\\functions\" for Cloud Functions..."}}
[debug] [2022-01-30T08:13:32.548Z] [worker-pool] addWorker(~diagnostic~) {"metadata":{"emulator":{"name":"functions"},"message":"[worker-pool] addWorker(~diagnostic~)"}}
[debug] [2022-01-30T08:13:32.549Z] [worker-pool] Adding worker with key ~diagnostic~, total=1 {"metadata":{"emulator":{"name":"functions"},"message":"[worker-pool] Adding worker with key ~diagnostic~, total=1"}}
[debug] [2022-01-30T08:13:32.549Z] [worker-pool] submitWork(triggerId=) {"metadata":{"emulator":{"name":"functions"},"message":"[worker-pool] submitWork(triggerId=)"}}
[debug] [2022-01-30T08:13:32.550Z] [worker-~diagnostic~-531b3c4d-7abb-49d7-8990-8638d4623ee6]: Assigning socketPath: \\?\pipe\E:\amazon-clone\functions\8076 {"metadata":{"emulator":{"name":"functions"},"message":"[worker-~diagnostic~-531b3c4d-7abb-49d7-8990-8638d4623ee6]: Assigning socketPath: \\\\?\\pipe\\E:\\amazon-clone\\functions\\8076"}}
[debug] [2022-01-30T08:13:32.550Z] [worker-~diagnostic~-531b3c4d-7abb-49d7-8990-8638d4623ee6]: BUSY {"metadata":{"emulator":{"name":"functions"},"message":"[worker-~diagnostic~-531b3c4d-7abb-49d7-8990-8638d4623ee6]: BUSY"}}
[debug] [2022-01-30T08:13:32.767Z] [runtime-status] [8076] Functions runtime initialized. {"cwd":"E:\\amazon-clone\\functions","node_version":"14.16.0"} {"metadata":{"emulator":{"name":"functions"},"message":"[runtime-status] [8076] Functions runtime initialized. {\"cwd\":\"E:\\\\amazon-clone\\\\functions\",\"node_version\":\"14.16.0\"}"}}
[debug] [2022-01-30T08:13:32.768Z] [runtime-status] [8076] Disabled runtime features: undefined {"metadata":{"emulator":{"name":"functions"},"message":"[runtime-status] [8076] Disabled runtime features: undefined"}}
[debug] [2022-01-30T08:13:32.771Z] [runtime-status] [8076] Resolved module firebase-admin {"declared":true,"installed":true,"version":"9.12.0","resolution":"E:\\amazon-clone\\functions\\node_modules\\firebase-admin\\lib\\index.js"} {"metadata":{"emulator":{"name":"functions"},"message":"[runtime-status] [8076] Resolved module firebase-admin {\"declared\":true,\"installed\":true,\"version\":\"9.12.0\",\"resolution\":\"E:\\\\amazon-clone\\\\functions\\\\node_modules\\\\firebase-admin\\\\lib\\\\index.js\"}"}}
[debug] [2022-01-30T08:13:32.774Z] [runtime-status] [8076] Resolved module firebase-functions {"declared":true,"installed":true,"version":"3.16.0","resolution":"E:\\amazon-clone\\functions\\node_modules\\firebase-functions\\lib\\index.js"} {"metadata":{"emulator":{"name":"functions"},"message":"[runtime-status] [8076] Resolved module firebase-functions {\"declared\":true,\"installed\":true,\"version\":\"3.16.0\",\"resolution\":\"E:\\\\amazon-clone\\\\functions\\\\node_modules\\\\firebase-functions\\\\lib\\\\index.js\"}"}}
[debug] [2022-01-30T08:13:32.776Z] [runtime-status] [8076] Outgoing network have been stubbed. [{"name":"http","status":"mocked"},{"name":"http","status":"mocked"},{"name":"https","status":"mocked"},{"name":"https","status":"mocked"},{"name":"net","status":"mocked"}] {"metadata":{"emulator":{"name":"functions"},"message":"[runtime-status] [8076] Outgoing network have been stubbed. [{\"name\":\"http\",\"status\":\"mocked\"},{\"name\":\"http\",\"status\":\"mocked\"},{\"name\":\"https\",\"status\":\"mocked\"},{\"name\":\"https\",\"status\":\"mocked\"},{\"name\":\"net\",\"status\":\"mocked\"}]"}}
[debug] [2022-01-30T08:13:32.777Z] [runtime-status] [8076] Resolved module firebase-functions {"declared":true,"installed":true,"version":"3.16.0","resolution":"E:\\amazon-clone\\functions\\node_modules\\firebase-functions\\lib\\index.js"} {"metadata":{"emulator":{"name":"functions"},"message":"[runtime-status] [8076] Resolved module firebase-functions {\"declared\":true,\"installed\":true,\"version\":\"3.16.0\",\"resolution\":\"E:\\\\amazon-clone\\\\functions\\\\node_modules\\\\firebase-functions\\\\lib\\\\index.js\"}"}}
[debug] [2022-01-30T08:13:32.828Z] [runtime-status] [8076] Checked functions.config() {"config":{}} {"metadata":{"emulator":{"name":"functions"},"message":"[runtime-status] [8076] Checked functions.config() {\"config\":{}}"}}
[debug] [2022-01-30T08:13:32.828Z] [runtime-status] [8076] firebase-functions has been stubbed. {"functionsResolution":{"declared":true,"installed":true,"version":"3.16.0","resolution":"E:\\amazon-clone\\functions\\node_modules\\firebase-functions\\lib\\index.js"}} {"metadata":{"emulator":{"name":"functions"},"message":"[runtime-status] [8076] firebase-functions has been stubbed. {\"functionsResolution\":{\"declared\":true,\"installed\":true,\"version\":\"3.16.0\",\"resolution\":\"E:\\\\amazon-clone\\\\functions\\\\node_modules\\\\firebase-functions\\\\lib\\\\index.js\"}}"}}
[debug] [2022-01-30T08:13:32.829Z] [runtime-status] [8076] Resolved module firebase-functions {"declared":true,"installed":true,"version":"3.16.0","resolution":"E:\\amazon-clone\\functions\\node_modules\\firebase-functions\\lib\\index.js"} {"metadata":{"emulator":{"name":"functions"},"message":"[runtime-status] [8076] Resolved module firebase-functions {\"declared\":true,\"installed\":true,\"version\":\"3.16.0\",\"resolution\":\"E:\\\\amazon-clone\\\\functions\\\\node_modules\\\\firebase-functions\\\\lib\\\\index.js\"}"}}
[debug] [2022-01-30T08:13:32.830Z] [runtime-status] [8076] Resolved module firebase-admin {"declared":true,"installed":true,"version":"9.12.0","resolution":"E:\\amazon-clone\\functions\\node_modules\\firebase-admin\\lib\\index.js"} {"metadata":{"emulator":{"name":"functions"},"message":"[runtime-status] [8076] Resolved module firebase-admin {\"declared\":true,\"installed\":true,\"version\":\"9.12.0\",\"resolution\":\"E:\\\\amazon-clone\\\\functions\\\\node_modules\\\\firebase-admin\\\\lib\\\\index.js\"}"}}
[debug] [2022-01-30T08:13:32.833Z] [runtime-status] [8076] Resolved module firebase-functions {"declared":true,"installed":true,"version":"3.16.0","resolution":"E:\\amazon-clone\\functions\\node_modules\\firebase-functions\\lib\\index.js"} {"metadata":{"emulator":{"name":"functions"},"message":"[runtime-status] [8076] Resolved module firebase-functions {\"declared\":true,\"installed\":true,\"version\":\"3.16.0\",\"resolution\":\"E:\\\\amazon-clone\\\\functions\\\\node_modules\\\\firebase-functions\\\\lib\\\\index.js\"}"}}
[debug] [2022-01-30T08:13:32.834Z] [runtime-status] [8076] firebase-admin has been stubbed. {"adminResolution":{"declared":true,"installed":true,"version":"9.12.0","resolution":"E:\\amazon-clone\\functions\\node_modules\\firebase-admin\\lib\\index.js"}} {"metadata":{"emulator":{"name":"functions"},"message":"[runtime-status] [8076] firebase-admin has been stubbed. {\"adminResolution\":{\"declared\":true,\"installed\":true,\"version\":\"9.12.0\",\"resolution\":\"E:\\\\amazon-clone\\\\functions\\\\node_modules\\\\firebase-admin\\\\lib\\\\index.js\"}}"}}
[info] +  functions[us-central1-api]: http function initialized (http://localhost:5001/challenge-fe330/us-central1/api). {"metadata":{"emulator":{"name":"functions"},"message":"\u001b[1mhttp\u001b[22m function initialized (http://localhost:5001/challenge-fe330/us-central1/api)."}}
[info] 
┌─────────────────────────────────────────────────────────────┐
│ ✔  All emulators ready! It is now safe to connect your app. │
│ i  View Emulator UI at http://localhost:4003                │
└─────────────────────────────────────────────────────────────┘

┌───────────┬────────────────┬─────────────────────────────────┐
│ Emulator  │ Host:Port      │ View in Emulator UI             │
├───────────┼────────────────┼─────────────────────────────────┤
│ Functions │ localhost:5001 │ http://localhost:4003/functions │
├───────────┼────────────────┼─────────────────────────────────┤
│ Hosting   │ localhost:5000 │ n/a                             │
└───────────┴────────────────┴─────────────────────────────────┘
  Emulator Hub running at localhost:4400
  Other reserved ports: 4500

Issues? Report them at https://github.com/firebase/firebase-tools/issues and attach the *-debug.log files.
 
[debug] [2022-01-30T08:13:33.024Z] [worker-~diagnostic~-531b3c4d-7abb-49d7-8990-8638d4623ee6]: IDLE {"metadata":{"emulator":{"name":"functions"},"message":"[worker-~diagnostic~-531b3c4d-7abb-49d7-8990-8638d4623ee6]: IDLE"}}
[debug] [2022-01-30T08:13:36.798Z] [work-queue] {"queueLength":1,"workRunningCount":0}
[debug] [2022-01-30T08:13:36.800Z] [work-queue] {"queueLength":0,"workRunningCount":1}
[debug] [2022-01-30T08:13:36.801Z] Accepted request POST /challenge-fe330/us-central1/api/payments/create?total=3444 --> us-central1-api
[debug] [2022-01-30T08:13:36.821Z] [worker-pool] addWorker(us-central1-api) {"metadata":{"emulator":{"name":"functions"},"message":"[worker-pool] addWorker(us-central1-api)"}}
[debug] [2022-01-30T08:13:36.822Z] [worker-pool] Adding worker with key us-central1-api, total=1 {"metadata":{"emulator":{"name":"functions"},"message":"[worker-pool] Adding worker with key us-central1-api, total=1"}}
[debug] [2022-01-30T08:13:36.822Z] [worker-pool] submitWork(triggerId=us-central1-api) {"metadata":{"emulator":{"name":"functions"},"message":"[worker-pool] submitWork(triggerId=us-central1-api)"}}
[debug] [2022-01-30T08:13:36.822Z] [worker-us-central1-api-9f82549c-af86-46c9-8061-1113a867921e]: Assigning socketPath: \\?\pipe\E:\amazon-clone\functions\15768 {"metadata":{"emulator":{"name":"functions"},"message":"[worker-us-central1-api-9f82549c-af86-46c9-8061-1113a867921e]: Assigning socketPath: \\\\?\\pipe\\E:\\amazon-clone\\functions\\15768"}}
[debug] [2022-01-30T08:13:36.823Z] [worker-us-central1-api-9f82549c-af86-46c9-8061-1113a867921e]: BUSY {"metadata":{"emulator":{"name":"functions"},"message":"[worker-us-central1-api-9f82549c-af86-46c9-8061-1113a867921e]: BUSY"}}
[debug] [2022-01-30T08:13:37.043Z] [runtime-status] [15768] Functions runtime initialized. {"cwd":"E:\\amazon-clone\\functions","node_version":"14.16.0"} {"metadata":{"emulator":{"name":"functions"},"function":{"name":"us-central1-api"},"message":"[runtime-status] [15768] Functions runtime initialized. {\"cwd\":\"E:\\\\amazon-clone\\\\functions\",\"node_version\":\"14.16.0\"}"}}
[debug] [2022-01-30T08:13:37.045Z] [runtime-status] [15768] Disabled runtime features: undefined {"metadata":{"emulator":{"name":"functions"},"function":{"name":"us-central1-api"},"message":"[runtime-status] [15768] Disabled runtime features: undefined"}}
[debug] [2022-01-30T08:13:37.048Z] [runtime-status] [15768] Resolved module firebase-admin {"declared":true,"installed":true,"version":"9.12.0","resolution":"E:\\amazon-clone\\functions\\node_modules\\firebase-admin\\lib\\index.js"} {"metadata":{"emulator":{"name":"functions"},"function":{"name":"us-central1-api"},"message":"[runtime-status] [15768] Resolved module firebase-admin {\"declared\":true,\"installed\":true,\"version\":\"9.12.0\",\"resolution\":\"E:\\\\amazon-clone\\\\functions\\\\node_modules\\\\firebase-admin\\\\lib\\\\index.js\"}"}}
[debug] [2022-01-30T08:13:37.051Z] [runtime-status] [15768] Resolved module firebase-functions {"declared":true,"installed":true,"version":"3.16.0","resolution":"E:\\amazon-clone\\functions\\node_modules\\firebase-functions\\lib\\index.js"} {"metadata":{"emulator":{"name":"functions"},"function":{"name":"us-central1-api"},"message":"[runtime-status] [15768] Resolved module firebase-functions {\"declared\":true,\"installed\":true,\"version\":\"3.16.0\",\"resolution\":\"E:\\\\amazon-clone\\\\functions\\\\node_modules\\\\firebase-functions\\\\lib\\\\index.js\"}"}}
[debug] [2022-01-30T08:13:37.053Z] [runtime-status] [15768] Outgoing network have been stubbed. [{"name":"http","status":"mocked"},{"name":"http","status":"mocked"},{"name":"https","status":"mocked"},{"name":"https","status":"mocked"},{"name":"net","status":"mocked"}] {"metadata":{"emulator":{"name":"functions"},"function":{"name":"us-central1-api"},"message":"[runtime-status] [15768] Outgoing network have been stubbed. [{\"name\":\"http\",\"status\":\"mocked\"},{\"name\":\"http\",\"status\":\"mocked\"},{\"name\":\"https\",\"status\":\"mocked\"},{\"name\":\"https\",\"status\":\"mocked\"},{\"name\":\"net\",\"status\":\"mocked\"}]"}}
[debug] [2022-01-30T08:13:37.054Z] [runtime-status] [15768] Resolved module firebase-functions {"declared":true,"installed":true,"version":"3.16.0","resolution":"E:\\amazon-clone\\functions\\node_modules\\firebase-functions\\lib\\index.js"} {"metadata":{"emulator":{"name":"functions"},"function":{"name":"us-central1-api"},"message":"[runtime-status] [15768] Resolved module firebase-functions {\"declared\":true,\"installed\":true,\"version\":\"3.16.0\",\"resolution\":\"E:\\\\amazon-clone\\\\functions\\\\node_modules\\\\firebase-functions\\\\lib\\\\index.js\"}"}}
[debug] [2022-01-30T08:13:37.117Z] [runtime-status] [15768] Checked functions.config() {"config":{}} {"metadata":{"emulator":{"name":"functions"},"function":{"name":"us-central1-api"},"message":"[runtime-status] [15768] Checked functions.config() {\"config\":{}}"}}
[debug] [2022-01-30T08:13:37.117Z] [runtime-status] [15768] firebase-functions has been stubbed. {"functionsResolution":{"declared":true,"installed":true,"version":"3.16.0","resolution":"E:\\amazon-clone\\functions\\node_modules\\firebase-functions\\lib\\index.js"}} {"metadata":{"emulator":{"name":"functions"},"function":{"name":"us-central1-api"},"message":"[runtime-status] [15768] firebase-functions has been stubbed. {\"functionsResolution\":{\"declared\":true,\"installed\":true,\"version\":\"3.16.0\",\"resolution\":\"E:\\\\amazon-clone\\\\functions\\\\node_modules\\\\firebase-functions\\\\lib\\\\index.js\"}}"}}
[debug] [2022-01-30T08:13:37.118Z] [runtime-status] [15768] Resolved module firebase-functions {"declared":true,"installed":true,"version":"3.16.0","resolution":"E:\\amazon-clone\\functions\\node_modules\\firebase-functions\\lib\\index.js"} {"metadata":{"emulator":{"name":"functions"},"function":{"name":"us-central1-api"},"message":"[runtime-status] [15768] Resolved module firebase-functions {\"declared\":true,\"installed\":true,\"version\":\"3.16.0\",\"resolution\":\"E:\\\\amazon-clone\\\\functions\\\\node_modules\\\\firebase-functions\\\\lib\\\\index.js\"}"}}
[debug] [2022-01-30T08:13:37.121Z] [runtime-status] [15768] Resolved module firebase-admin {"declared":true,"installed":true,"version":"9.12.0","resolution":"E:\\amazon-clone\\functions\\node_modules\\firebase-admin\\lib\\index.js"} {"metadata":{"emulator":{"name":"functions"},"function":{"name":"us-central1-api"},"message":"[runtime-status] [15768] Resolved module firebase-admin {\"declared\":true,\"installed\":true,\"version\":\"9.12.0\",\"resolution\":\"E:\\\\amazon-clone\\\\functions\\\\node_modules\\\\firebase-admin\\\\lib\\\\index.js\"}"}}
[debug] [2022-01-30T08:13:37.122Z] [runtime-status] [15768] Resolved module firebase-functions {"declared":true,"installed":true,"version":"3.16.0","resolution":"E:\\amazon-clone\\functions\\node_modules\\firebase-functions\\lib\\index.js"} {"metadata":{"emulator":{"name":"functions"},"function":{"name":"us-central1-api"},"message":"[runtime-status] [15768] Resolved module firebase-functions {\"declared\":true,\"installed\":true,\"version\":\"3.16.0\",\"resolution\":\"E:\\\\amazon-clone\\\\functions\\\\node_modules\\\\firebase-functions\\\\lib\\\\index.js\"}"}}
[debug] [2022-01-30T08:13:37.122Z] [runtime-status] [15768] firebase-admin has been stubbed. {"adminResolution":{"declared":true,"installed":true,"version":"9.12.0","resolution":"E:\\amazon-clone\\functions\\node_modules\\firebase-admin\\lib\\index.js"}} {"metadata":{"emulator":{"name":"functions"},"function":{"name":"us-central1-api"},"message":"[runtime-status] [15768] firebase-admin has been stubbed. {\"adminResolution\":{\"declared\":true,\"installed\":true,\"version\":\"9.12.0\",\"resolution\":\"E:\\\\amazon-clone\\\\functions\\\\node_modules\\\\firebase-admin\\\\lib\\\\index.js\"}}"}}
[debug] [2022-01-30T08:13:37.313Z] [runtime-status] [15768] Trigger "us-central1-api" has been found, beginning invocation! {"metadata":{"emulator":{"name":"functions"},"function":{"name":"us-central1-api"},"message":"[runtime-status] [15768] Trigger \"us-central1-api\" has been found, beginning invocation!"}}
[info] i  functions: Beginning execution of "us-central1-api" {"metadata":{"emulator":{"name":"functions"},"function":{"name":"us-central1-api"},"message":"Beginning execution of \"us-central1-api\""}}
[debug] [2022-01-30T08:13:37.314Z] [runtime-status] [15768] triggerDefinition {"httpsTrigger":{},"name":"api","entryPoint":"api","regions":["us-central1"],"region":"us-central1","id":"us-central1-api","platform":"gcfv1"} {"metadata":{"emulator":{"name":"functions"},"function":{"name":"us-central1-api"},"message":"[runtime-status] [15768] triggerDefinition {\"httpsTrigger\":{},\"name\":\"api\",\"entryPoint\":\"api\",\"regions\":[\"us-central1\"],\"region\":\"us-central1\",\"id\":\"us-central1-api\",\"platform\":\"gcfv1\"}"}}
[debug] [2022-01-30T08:13:37.314Z] [runtime-status] [15768] Running us-central1-api in signature http {"metadata":{"emulator":{"name":"functions"},"function":{"name":"us-central1-api"},"message":"[runtime-status] [15768] Running us-central1-api in signature http"}}
[debug] [2022-01-30T08:13:37.317Z] [runtime-status] [15768] Attempting to listen to socketPath: \\?\pipe\E:\amazon-clone\functions\15768 {"metadata":{"emulator":{"name":"functions"},"function":{"name":"us-central1-api"},"message":"[runtime-status] [15768] Attempting to listen to socketPath: \\\\?\\pipe\\E:\\amazon-clone\\functions\\15768"}}
[debug] [2022-01-30T08:13:37.319Z] [functions] Runtime ready! Sending request! {"metadata":{"emulator":{"name":"functions"},"message":"[functions] Runtime ready! Sending request!"}}
[debug] [2022-01-30T08:13:37.320Z] [functions] Got req.url=/challenge-fe330/us-central1/api/payments/create?total=3444, mapping to path=/payments/create?total=3444 {"metadata":{"emulator":{"name":"functions"},"message":"[functions] Got req.url=/challenge-fe330/us-central1/api/payments/create?total=3444, mapping to path=/payments/create?total=3444"}}
[debug] [2022-01-30T08:13:37.327Z] [runtime-status] [15768] Ephemeral server handling POST request {"metadata":{"emulator":{"name":"functions"},"function":{"name":"us-central1-api"},"message":"[runtime-status] [15768] Ephemeral server handling POST request"}}
[info] >  this is total 3444 {"user":"this is total 3444","metadata":{"emulator":{"name":"functions"},"function":{"name":"us-central1-api"},"message":"\u001b[90m> \u001b[39m this is total 3444"}}
[debug] [2022-01-30T08:13:37.339Z] [runtime-status] [15768] Ephemeral server survived. {"metadata":{"emulator":{"name":"functions"},"function":{"name":"us-central1-api"},"message":"[runtime-status] [15768] Ephemeral server survived."}}
[info] i  functions: Finished "us-central1-api" in ~1s {"metadata":{"emulator":{"name":"functions"},"function":{"name":"us-central1-api"},"message":"Finished \"us-central1-api\" in ~1s"}}
[debug] [2022-01-30T08:13:38.248Z] [worker-us-central1-api-9f82549c-af86-46c9-8061-1113a867921e]: IDLE {"metadata":{"emulator":{"name":"functions"},"message":"[worker-us-central1-api-9f82549c-af86-46c9-8061-1113a867921e]: IDLE"}}
[debug] [2022-01-30T08:13:38.249Z] [work-queue] {"queueLength":0,"workRunningCount":0}
